Performing C SOURCE FILE Test CMAKE_HAVE_LIBC_PTHREAD failed with the following output:
Change Dir: /home/quill/CLionProjects/Lily++/cmake-build-debug/CMakeFiles/CMakeTmp

Run Build Command(s):/usr/bin/make cmTC_94b27/fast && /usr/bin/make  -f CMakeFiles/cmTC_94b27.dir/build.make CMakeFiles/cmTC_94b27.dir/build
make[1]: Entering directory '/home/quill/CLionProjects/Lily++/cmake-build-debug/CMakeFiles/CMakeTmp'
Building C object CMakeFiles/cmTC_94b27.dir/src.c.o
/usr/bin/cc   -pedantic -Wall -W -Wpointer-arith -Wwrite-strings -Wunused -Wshadow -Winline -Wnested-externs -Wmissing-declarations -Wmissing-prototypes -Wno-long-long -Wfloat-equal -Wno-multichar -Wsign-compare -Wundef -Wno-format-nonliteral -Wendif-labels -Wstrict-prototypes -Wdeclaration-after-statement -Wstrict-aliasing=3 -Wcast-align -Wtype-limits -Wold-style-declaration -Wmissing-parameter-type -Wempty-body -Wclobbered -Wignored-qualifiers -Wconversion -Wno-sign-conversion -Wvla -Wdouble-promotion -Wno-system-headers -DCMAKE_HAVE_LIBC_PTHREAD   -o CMakeFiles/cmTC_94b27.dir/src.c.o   -c /home/quill/CLionProjects/Lily++/cmake-build-debug/CMakeFiles/CMakeTmp/src.c
/home/quill/CLionProjects/Lily++/cmake-build-debug/CMakeFiles/CMakeTmp/src.c:3:7: warning: no previous prototype for ‘test_func’ [-Wmissing-prototypes]
    3 | void* test_func(void* data)
      |       ^~~~~~~~~
Linking C executable cmTC_94b27
/snap/clion/124/bin/cmake/linux/bin/cmake -E cmake_link_script CMakeFiles/cmTC_94b27.dir/link.txt --verbose=1
/usr/bin/cc   -pedantic -Wall -W -Wpointer-arith -Wwrite-strings -Wunused -Wshadow -Winline -Wnested-externs -Wmissing-declarations -Wmissing-prototypes -Wno-long-long -Wfloat-equal -Wno-multichar -Wsign-compare -Wundef -Wno-format-nonliteral -Wendif-labels -Wstrict-prototypes -Wdeclaration-after-statement -Wstrict-aliasing=3 -Wcast-align -Wtype-limits -Wold-style-declaration -Wmissing-parameter-type -Wempty-body -Wclobbered -Wignored-qualifiers -Wconversion -Wno-sign-conversion -Wvla -Wdouble-promotion -Wno-system-headers -DCMAKE_HAVE_LIBC_PTHREAD    -rdynamic CMakeFiles/cmTC_94b27.dir/src.c.o  -o cmTC_94b27 
/usr/bin/ld: CMakeFiles/cmTC_94b27.dir/src.c.o: in function `main':
src.c:(.text+0x46): undefined reference to `pthread_create'
/usr/bin/ld: src.c:(.text+0x52): undefined reference to `pthread_detach'
/usr/bin/ld: src.c:(.text+0x5e): undefined reference to `pthread_cancel'
/usr/bin/ld: src.c:(.text+0x6f): undefined reference to `pthread_join'
collect2: error: ld returned 1 exit status
make[1]: *** [CMakeFiles/cmTC_94b27.dir/build.make:107: cmTC_94b27] Error 1
make[1]: Leaving directory '/home/quill/CLionProjects/Lily++/cmake-build-debug/CMakeFiles/CMakeTmp'
make: *** [Makefile:141: cmTC_94b27/fast] Error 2


Source file was:
#include <pthread.h>

void* test_func(void* data)
{
  return data;
}

int main(void)
{
  pthread_t thread;
  pthread_create(&thread, NULL, test_func, NULL);
  pthread_detach(thread);
  pthread_cancel(thread);
  pthread_join(thread, NULL);
  pthread_atfork(NULL, NULL, NULL);
  pthread_exit(NULL);

  return 0;
}

Determining if the function pthread_create exists in the pthreads failed with the following output:
Change Dir: /home/quill/CLionProjects/Lily++/cmake-build-debug/CMakeFiles/CMakeTmp

Run Build Command(s):/usr/bin/make cmTC_7342d/fast && /usr/bin/make  -f CMakeFiles/cmTC_7342d.dir/build.make CMakeFiles/cmTC_7342d.dir/build
make[1]: Entering directory '/home/quill/CLionProjects/Lily++/cmake-build-debug/CMakeFiles/CMakeTmp'
Building C object CMakeFiles/cmTC_7342d.dir/CheckFunctionExists.c.o
/usr/bin/cc   -pedantic -Wall -W -Wpointer-arith -Wwrite-strings -Wunused -Wshadow -Winline -Wnested-externs -Wmissing-declarations -Wmissing-prototypes -Wno-long-long -Wfloat-equal -Wno-multichar -Wsign-compare -Wundef -Wno-format-nonliteral -Wendif-labels -Wstrict-prototypes -Wdeclaration-after-statement -Wstrict-aliasing=3 -Wcast-align -Wtype-limits -Wold-style-declaration -Wmissing-parameter-type -Wempty-body -Wclobbered -Wignored-qualifiers -Wconversion -Wno-sign-conversion -Wvla -Wdouble-promotion -Wno-system-headers -DCHECK_FUNCTION_EXISTS=pthread_create   -o CMakeFiles/cmTC_7342d.dir/CheckFunctionExists.c.o   -c /snap/clion/124/bin/cmake/linux/share/cmake-3.17/Modules/CheckFunctionExists.c
Linking C executable cmTC_7342d
/snap/clion/124/bin/cmake/linux/bin/cmake -E cmake_link_script CMakeFiles/cmTC_7342d.dir/link.txt --verbose=1
/usr/bin/cc   -pedantic -Wall -W -Wpointer-arith -Wwrite-strings -Wunused -Wshadow -Winline -Wnested-externs -Wmissing-declarations -Wmissing-prototypes -Wno-long-long -Wfloat-equal -Wno-multichar -Wsign-compare -Wundef -Wno-format-nonliteral -Wendif-labels -Wstrict-prototypes -Wdeclaration-after-statement -Wstrict-aliasing=3 -Wcast-align -Wtype-limits -Wold-style-declaration -Wmissing-parameter-type -Wempty-body -Wclobbered -Wignored-qualifiers -Wconversion -Wno-sign-conversion -Wvla -Wdouble-promotion -Wno-system-headers -DCHECK_FUNCTION_EXISTS=pthread_create    -rdynamic CMakeFiles/cmTC_7342d.dir/CheckFunctionExists.c.o  -o cmTC_7342d  -lpthreads 
/usr/bin/ld: cannot find -lpthreads
collect2: error: ld returned 1 exit status
make[1]: *** [CMakeFiles/cmTC_7342d.dir/build.make:107: cmTC_7342d] Error 1
make[1]: Leaving directory '/home/quill/CLionProjects/Lily++/cmake-build-debug/CMakeFiles/CMakeTmp'
make: *** [Makefile:141: cmTC_7342d/fast] Error 2



Determining if the function connect exists in the socket;dl;-lpthread failed with the following output:
Change Dir: /home/quill/CLionProjects/Lily++/cmake-build-debug/CMakeFiles/CMakeTmp

Run Build Command(s):/usr/bin/make cmTC_64fb7/fast && /usr/bin/make  -f CMakeFiles/cmTC_64fb7.dir/build.make CMakeFiles/cmTC_64fb7.dir/build
make[1]: Entering directory '/home/quill/CLionProjects/Lily++/cmake-build-debug/CMakeFiles/CMakeTmp'
Building C object CMakeFiles/cmTC_64fb7.dir/CheckFunctionExists.c.o
/usr/bin/cc   -pedantic -Wall -W -Wpointer-arith -Wwrite-strings -Wunused -Wshadow -Winline -Wnested-externs -Wmissing-declarations -Wmissing-prototypes -Wno-long-long -Wfloat-equal -Wno-multichar -Wsign-compare -Wundef -Wno-format-nonliteral -Wendif-labels -Wstrict-prototypes -Wdeclaration-after-statement -Wstrict-aliasing=3 -Wcast-align -Wtype-limits -Wold-style-declaration -Wmissing-parameter-type -Wempty-body -Wclobbered -Wignored-qualifiers -Wconversion -Wno-sign-conversion -Wvla -Wdouble-promotion -Wno-system-headers -DCHECK_FUNCTION_EXISTS=connect   -o CMakeFiles/cmTC_64fb7.dir/CheckFunctionExists.c.o   -c /snap/clion/124/bin/cmake/linux/share/cmake-3.17/Modules/CheckFunctionExists.c
Linking C executable cmTC_64fb7
/snap/clion/124/bin/cmake/linux/bin/cmake -E cmake_link_script CMakeFiles/cmTC_64fb7.dir/link.txt --verbose=1
/usr/bin/cc   -pedantic -Wall -W -Wpointer-arith -Wwrite-strings -Wunused -Wshadow -Winline -Wnested-externs -Wmissing-declarations -Wmissing-prototypes -Wno-long-long -Wfloat-equal -Wno-multichar -Wsign-compare -Wundef -Wno-format-nonliteral -Wendif-labels -Wstrict-prototypes -Wdeclaration-after-statement -Wstrict-aliasing=3 -Wcast-align -Wtype-limits -Wold-style-declaration -Wmissing-parameter-type -Wempty-body -Wclobbered -Wignored-qualifiers -Wconversion -Wno-sign-conversion -Wvla -Wdouble-promotion -Wno-system-headers -DCHECK_FUNCTION_EXISTS=connect    -rdynamic CMakeFiles/cmTC_64fb7.dir/CheckFunctionExists.c.o  -o cmTC_64fb7  -lsocket -ldl -lpthread 
/usr/bin/ld: cannot find -lsocket
collect2: error: ld returned 1 exit status
make[1]: *** [CMakeFiles/cmTC_64fb7.dir/build.make:107: cmTC_64fb7] Error 1
make[1]: Leaving directory '/home/quill/CLionProjects/Lily++/cmake-build-debug/CMakeFiles/CMakeTmp'
make: *** [Makefile:141: cmTC_64fb7/fast] Error 2



Determining if the function ldap_init exists in the ldap;dl;-lpthread failed with the following output:
Change Dir: /home/quill/CLionProjects/Lily++/cmake-build-debug/CMakeFiles/CMakeTmp

Run Build Command(s):/usr/bin/make cmTC_3c0d3/fast && /usr/bin/make  -f CMakeFiles/cmTC_3c0d3.dir/build.make CMakeFiles/cmTC_3c0d3.dir/build
make[1]: Entering directory '/home/quill/CLionProjects/Lily++/cmake-build-debug/CMakeFiles/CMakeTmp'
Building C object CMakeFiles/cmTC_3c0d3.dir/CheckFunctionExists.c.o
/usr/bin/cc   -pedantic -Wall -W -Wpointer-arith -Wwrite-strings -Wunused -Wshadow -Winline -Wnested-externs -Wmissing-declarations -Wmissing-prototypes -Wno-long-long -Wfloat-equal -Wno-multichar -Wsign-compare -Wundef -Wno-format-nonliteral -Wendif-labels -Wstrict-prototypes -Wdeclaration-after-statement -Wstrict-aliasing=3 -Wcast-align -Wtype-limits -Wold-style-declaration -Wmissing-parameter-type -Wempty-body -Wclobbered -Wignored-qualifiers -Wconversion -Wno-sign-conversion -Wvla -Wdouble-promotion -Wno-system-headers -DCHECK_FUNCTION_EXISTS=ldap_init   -o CMakeFiles/cmTC_3c0d3.dir/CheckFunctionExists.c.o   -c /snap/clion/124/bin/cmake/linux/share/cmake-3.17/Modules/CheckFunctionExists.c
Linking C executable cmTC_3c0d3
/snap/clion/124/bin/cmake/linux/bin/cmake -E cmake_link_script CMakeFiles/cmTC_3c0d3.dir/link.txt --verbose=1
/usr/bin/cc   -pedantic -Wall -W -Wpointer-arith -Wwrite-strings -Wunused -Wshadow -Winline -Wnested-externs -Wmissing-declarations -Wmissing-prototypes -Wno-long-long -Wfloat-equal -Wno-multichar -Wsign-compare -Wundef -Wno-format-nonliteral -Wendif-labels -Wstrict-prototypes -Wdeclaration-after-statement -Wstrict-aliasing=3 -Wcast-align -Wtype-limits -Wold-style-declaration -Wmissing-parameter-type -Wempty-body -Wclobbered -Wignored-qualifiers -Wconversion -Wno-sign-conversion -Wvla -Wdouble-promotion -Wno-system-headers -DCHECK_FUNCTION_EXISTS=ldap_init    -rdynamic CMakeFiles/cmTC_3c0d3.dir/CheckFunctionExists.c.o  -o cmTC_3c0d3  -lldap -ldl -lpthread 
/usr/bin/ld: cannot find -lldap
collect2: error: ld returned 1 exit status
make[1]: *** [CMakeFiles/cmTC_3c0d3.dir/build.make:107: cmTC_3c0d3] Error 1
make[1]: Leaving directory '/home/quill/CLionProjects/Lily++/cmake-build-debug/CMakeFiles/CMakeTmp'
make: *** [Makefile:141: cmTC_3c0d3/fast] Error 2



Determining if the function ber_init exists in the lber;dl;-lpthread failed with the following output:
Change Dir: /home/quill/CLionProjects/Lily++/cmake-build-debug/CMakeFiles/CMakeTmp

Run Build Command(s):/usr/bin/make cmTC_3932a/fast && /usr/bin/make  -f CMakeFiles/cmTC_3932a.dir/build.make CMakeFiles/cmTC_3932a.dir/build
make[1]: Entering directory '/home/quill/CLionProjects/Lily++/cmake-build-debug/CMakeFiles/CMakeTmp'
Building C object CMakeFiles/cmTC_3932a.dir/CheckFunctionExists.c.o
/usr/bin/cc   -pedantic -Wall -W -Wpointer-arith -Wwrite-strings -Wunused -Wshadow -Winline -Wnested-externs -Wmissing-declarations -Wmissing-prototypes -Wno-long-long -Wfloat-equal -Wno-multichar -Wsign-compare -Wundef -Wno-format-nonliteral -Wendif-labels -Wstrict-prototypes -Wdeclaration-after-statement -Wstrict-aliasing=3 -Wcast-align -Wtype-limits -Wold-style-declaration -Wmissing-parameter-type -Wempty-body -Wclobbered -Wignored-qualifiers -Wconversion -Wno-sign-conversion -Wvla -Wdouble-promotion -Wno-system-headers -DCHECK_FUNCTION_EXISTS=ber_init   -o CMakeFiles/cmTC_3932a.dir/CheckFunctionExists.c.o   -c /snap/clion/124/bin/cmake/linux/share/cmake-3.17/Modules/CheckFunctionExists.c
Linking C executable cmTC_3932a
/snap/clion/124/bin/cmake/linux/bin/cmake -E cmake_link_script CMakeFiles/cmTC_3932a.dir/link.txt --verbose=1
/usr/bin/cc   -pedantic -Wall -W -Wpointer-arith -Wwrite-strings -Wunused -Wshadow -Winline -Wnested-externs -Wmissing-declarations -Wmissing-prototypes -Wno-long-long -Wfloat-equal -Wno-multichar -Wsign-compare -Wundef -Wno-format-nonliteral -Wendif-labels -Wstrict-prototypes -Wdeclaration-after-statement -Wstrict-aliasing=3 -Wcast-align -Wtype-limits -Wold-style-declaration -Wmissing-parameter-type -Wempty-body -Wclobbered -Wignored-qualifiers -Wconversion -Wno-sign-conversion -Wvla -Wdouble-promotion -Wno-system-headers -DCHECK_FUNCTION_EXISTS=ber_init    -rdynamic CMakeFiles/cmTC_3932a.dir/CheckFunctionExists.c.o  -o cmTC_3932a  -llber -ldl -lpthread 
/usr/bin/ld: cannot find -llber
collect2: error: ld returned 1 exit status
make[1]: *** [CMakeFiles/cmTC_3932a.dir/build.make:107: cmTC_3932a] Error 1
make[1]: Leaving directory '/home/quill/CLionProjects/Lily++/cmake-build-debug/CMakeFiles/CMakeTmp'
make: *** [Makefile:141: cmTC_3932a/fast] Error 2



Determining if files ;ldap.h exist failed with the following output:
Change Dir: /home/quill/CLionProjects/Lily++/cmake-build-debug/CMakeFiles/CMakeTmp

Run Build Command(s):/usr/bin/make cmTC_c2cd8/fast && /usr/bin/make  -f CMakeFiles/cmTC_c2cd8.dir/build.make CMakeFiles/cmTC_c2cd8.dir/build
make[1]: Entering directory '/home/quill/CLionProjects/Lily++/cmake-build-debug/CMakeFiles/CMakeTmp'
Building C object CMakeFiles/cmTC_c2cd8.dir/HAVE_LDAP_H.c.o
/usr/bin/cc   -pedantic -Wall -W -Wpointer-arith -Wwrite-strings -Wunused -Wshadow -Winline -Wnested-externs -Wmissing-declarations -Wmissing-prototypes -Wno-long-long -Wfloat-equal -Wno-multichar -Wsign-compare -Wundef -Wno-format-nonliteral -Wendif-labels -Wstrict-prototypes -Wdeclaration-after-statement -Wstrict-aliasing=3 -Wcast-align -Wtype-limits -Wold-style-declaration -Wmissing-parameter-type -Wempty-body -Wclobbered -Wignored-qualifiers -Wconversion -Wno-sign-conversion -Wvla -Wdouble-promotion -Wno-system-headers    -o CMakeFiles/cmTC_c2cd8.dir/HAVE_LDAP_H.c.o   -c /home/quill/CLionProjects/Lily++/cmake-build-debug/CMakeFiles/CheckIncludeFiles/HAVE_LDAP_H.c
/home/quill/CLionProjects/Lily++/cmake-build-debug/CMakeFiles/CheckIncludeFiles/HAVE_LDAP_H.c:2:10: fatal error: ldap.h: No such file or directory
    2 | #include <ldap.h>
      |          ^~~~~~~~
compilation terminated.
make[1]: *** [CMakeFiles/cmTC_c2cd8.dir/build.make:86: CMakeFiles/cmTC_c2cd8.dir/HAVE_LDAP_H.c.o] Error 1
make[1]: Leaving directory '/home/quill/CLionProjects/Lily++/cmake-build-debug/CMakeFiles/CMakeTmp'
make: *** [Makefile:141: cmTC_c2cd8/fast] Error 2


Source:
/* */
#include <ldap.h>


int main(void){return 0;}

Determining if files ;lber.h exist failed with the following output:
Change Dir: /home/quill/CLionProjects/Lily++/cmake-build-debug/CMakeFiles/CMakeTmp

Run Build Command(s):/usr/bin/make cmTC_3c3b4/fast && /usr/bin/make  -f CMakeFiles/cmTC_3c3b4.dir/build.make CMakeFiles/cmTC_3c3b4.dir/build
make[1]: Entering directory '/home/quill/CLionProjects/Lily++/cmake-build-debug/CMakeFiles/CMakeTmp'
Building C object CMakeFiles/cmTC_3c3b4.dir/HAVE_LBER_H.c.o
/usr/bin/cc   -pedantic -Wall -W -Wpointer-arith -Wwrite-strings -Wunused -Wshadow -Winline -Wnested-externs -Wmissing-declarations -Wmissing-prototypes -Wno-long-long -Wfloat-equal -Wno-multichar -Wsign-compare -Wundef -Wno-format-nonliteral -Wendif-labels -Wstrict-prototypes -Wdeclaration-after-statement -Wstrict-aliasing=3 -Wcast-align -Wtype-limits -Wold-style-declaration -Wmissing-parameter-type -Wempty-body -Wclobbered -Wignored-qualifiers -Wconversion -Wno-sign-conversion -Wvla -Wdouble-promotion -Wno-system-headers    -o CMakeFiles/cmTC_3c3b4.dir/HAVE_LBER_H.c.o   -c /home/quill/CLionProjects/Lily++/cmake-build-debug/CMakeFiles/CheckIncludeFiles/HAVE_LBER_H.c
/home/quill/CLionProjects/Lily++/cmake-build-debug/CMakeFiles/CheckIncludeFiles/HAVE_LBER_H.c:2:10: fatal error: lber.h: No such file or directory
    2 | #include <lber.h>
      |          ^~~~~~~~
compilation terminated.
make[1]: *** [CMakeFiles/cmTC_3c3b4.dir/build.make:86: CMakeFiles/cmTC_3c3b4.dir/HAVE_LBER_H.c.o] Error 1
make[1]: Leaving directory '/home/quill/CLionProjects/Lily++/cmake-build-debug/CMakeFiles/CMakeTmp'
make: *** [Makefile:141: cmTC_3c3b4/fast] Error 2


Source:
/* */
#include <lber.h>


int main(void){return 0;}

Determining if the function idn2_lookup_ul exists in the idn2;dl;-lpthread failed with the following output:
Change Dir: /home/quill/CLionProjects/Lily++/cmake-build-debug/CMakeFiles/CMakeTmp

Run Build Command(s):/usr/bin/make cmTC_d9bb5/fast && /usr/bin/make  -f CMakeFiles/cmTC_d9bb5.dir/build.make CMakeFiles/cmTC_d9bb5.dir/build
make[1]: Entering directory '/home/quill/CLionProjects/Lily++/cmake-build-debug/CMakeFiles/CMakeTmp'
Building C object CMakeFiles/cmTC_d9bb5.dir/CheckFunctionExists.c.o
/usr/bin/cc   -pedantic -Wall -W -Wpointer-arith -Wwrite-strings -Wunused -Wshadow -Winline -Wnested-externs -Wmissing-declarations -Wmissing-prototypes -Wno-long-long -Wfloat-equal -Wno-multichar -Wsign-compare -Wundef -Wno-format-nonliteral -Wendif-labels -Wstrict-prototypes -Wdeclaration-after-statement -Wstrict-aliasing=3 -Wcast-align -Wtype-limits -Wold-style-declaration -Wmissing-parameter-type -Wempty-body -Wclobbered -Wignored-qualifiers -Wconversion -Wno-sign-conversion -Wvla -Wdouble-promotion -Wno-system-headers -DCHECK_FUNCTION_EXISTS=idn2_lookup_ul   -o CMakeFiles/cmTC_d9bb5.dir/CheckFunctionExists.c.o   -c /snap/clion/124/bin/cmake/linux/share/cmake-3.17/Modules/CheckFunctionExists.c
Linking C executable cmTC_d9bb5
/snap/clion/124/bin/cmake/linux/bin/cmake -E cmake_link_script CMakeFiles/cmTC_d9bb5.dir/link.txt --verbose=1
/usr/bin/cc   -pedantic -Wall -W -Wpointer-arith -Wwrite-strings -Wunused -Wshadow -Winline -Wnested-externs -Wmissing-declarations -Wmissing-prototypes -Wno-long-long -Wfloat-equal -Wno-multichar -Wsign-compare -Wundef -Wno-format-nonliteral -Wendif-labels -Wstrict-prototypes -Wdeclaration-after-statement -Wstrict-aliasing=3 -Wcast-align -Wtype-limits -Wold-style-declaration -Wmissing-parameter-type -Wempty-body -Wclobbered -Wignored-qualifiers -Wconversion -Wno-sign-conversion -Wvla -Wdouble-promotion -Wno-system-headers -DCHECK_FUNCTION_EXISTS=idn2_lookup_ul    -rdynamic CMakeFiles/cmTC_d9bb5.dir/CheckFunctionExists.c.o  -o cmTC_d9bb5  -lidn2 -ldl -lpthread 
/usr/bin/ld: cannot find -lidn2
collect2: error: ld returned 1 exit status
make[1]: *** [CMakeFiles/cmTC_d9bb5.dir/build.make:107: cmTC_d9bb5] Error 1
make[1]: Leaving directory '/home/quill/CLionProjects/Lily++/cmake-build-debug/CMakeFiles/CMakeTmp'
make: *** [Makefile:141: cmTC_d9bb5/fast] Error 2



